<?xml version="1.0" encoding="UTF-8"?>
<!-- Generated by org.testng.reporters.JUnitReportReporter -->
<testsuite hostname="TBM-AIO" failures="0" tests="6" name="com.tbmJavaAutomationFramework.TestCases.TC_LoginDDT_02" time="6.336" errors="0" timestamp="27 Dec 2021 16:40:28 GMT" skipped="0">
  <testcase classname="com.tbmJavaAutomationFramework.TestCases.TC_LoginDDT_02" name="loginDDT" time="0.695"/>
  <testcase classname="com.tbmJavaAutomationFramework.TestCases.TC_LoginDDT_02" name="loginDDT" time="0.917"/>
  <testcase classname="com.tbmJavaAutomationFramework.TestCases.TC_LoginDDT_02" name="loginDDT" time="0.829"/>
  <testcase classname="com.tbmJavaAutomationFramework.TestCases.TC_LoginDDT_02" name="loginDDT" time="0.967"/>
  <testcase classname="com.tbmJavaAutomationFramework.TestCases.TC_LoginDDT_02" name="loginDDT" time="1.444"/>
  <testcase classname="com.tbmJavaAutomationFramework.TestCases.TC_LoginDDT_02" name="loginDDT" time="1.484"/>
</testsuite> <!-- com.tbmJavaAutomationFramework.TestCases.TC_LoginDDT_02 -->
