<?xml version="1.0" encoding="UTF-8"?>
<!-- Generated by org.testng.reporters.JUnitReportReporter -->
<testsuite hostname="TBM-AIO" failures="0" tests="2" name="com.tbmJavaAutomationFramework.TestCases.TC_EditCustomerDetails_04" time="43.818" errors="0" timestamp="23 Dec 2021 16:26:49 GMT" skipped="0">
  <testcase classname="com.tbmJavaAutomationFramework.TestCases.TC_EditCustomerDetails_04" name="validateChangedDetails" time="6.856"/>
  <testcase classname="com.tbmJavaAutomationFramework.TestCases.TC_EditCustomerDetails_04" name="editCustomer" time="36.962"/>
</testsuite> <!-- com.tbmJavaAutomationFramework.TestCases.TC_EditCustomerDetails_04 -->
