<?xml version="1.0" encoding="UTF-8"?>
<!-- Generated by org.testng.reporters.JUnitReportReporter -->
<testsuite hostname="TBM-AIO" failures="0" tests="6" name="com.tbmJavaAutomationFramework.TestCases.TC_LoginDDT_02" time="6.662" errors="0" timestamp="27 Dec 2021 17:14:41 GMT" skipped="0">
  <testcase classname="com.tbmJavaAutomationFramework.TestCases.TC_LoginDDT_02" name="loginDDT" time="0.848"/>
  <testcase classname="com.tbmJavaAutomationFramework.TestCases.TC_LoginDDT_02" name="loginDDT" time="1.027"/>
  <testcase classname="com.tbmJavaAutomationFramework.TestCases.TC_LoginDDT_02" name="loginDDT" time="0.785"/>
  <testcase classname="com.tbmJavaAutomationFramework.TestCases.TC_LoginDDT_02" name="loginDDT" time="1.717"/>
  <testcase classname="com.tbmJavaAutomationFramework.TestCases.TC_LoginDDT_02" name="loginDDT" time="1.348"/>
  <testcase classname="com.tbmJavaAutomationFramework.TestCases.TC_LoginDDT_02" name="loginDDT" time="0.937"/>
</testsuite> <!-- com.tbmJavaAutomationFramework.TestCases.TC_LoginDDT_02 -->
