<?xml version="1.0" encoding="UTF-8"?>
<!-- Generated by org.testng.reporters.JUnitReportReporter -->
<testsuite hostname="TBM-AIO" failures="0" tests="1" name="com.tbmJavaAutomationFramework.TestCases.TC_AddNewCustomer_003" time="13.534" errors="0" timestamp="19 Dec 2021 02:16:18 GMT" skipped="0">
  <testcase classname="com.tbmJavaAutomationFramework.TestCases.TC_AddNewCustomer_003" name="addNewCustomer" time="13.534"/>
</testsuite> <!-- com.tbmJavaAutomationFramework.TestCases.TC_AddNewCustomer_003 -->
