<?xml version="1.0" encoding="UTF-8"?>
<!-- Generated by org.testng.reporters.JUnitReportReporter -->
<testsuite hostname="TBM-AIO" failures="0" tests="1" name="com.tbmJavaAutomationFramework.TestCases.TC_AddNewCustomer_003" time="15.344" errors="0" timestamp="23 Dec 2021 16:26:49 GMT" skipped="0">
  <testcase classname="com.tbmJavaAutomationFramework.TestCases.TC_AddNewCustomer_003" name="addNewCustomer" time="15.344"/>
</testsuite> <!-- com.tbmJavaAutomationFramework.TestCases.TC_AddNewCustomer_003 -->
