<?xml version="1.0" encoding="UTF-8"?>
<!-- Generated by org.testng.reporters.JUnitReportReporter -->
<testsuite hostname="TBM-AIO" failures="0" tests="6" name="com.tbmJavaAutomationFramework.TestCases.TC_LoginDDT_02" time="6.878" errors="0" timestamp="27 Dec 2021 16:49:32 GMT" skipped="0">
  <testcase classname="com.tbmJavaAutomationFramework.TestCases.TC_LoginDDT_02" name="loginDDT" time="1.431"/>
  <testcase classname="com.tbmJavaAutomationFramework.TestCases.TC_LoginDDT_02" name="loginDDT" time="1.111"/>
  <testcase classname="com.tbmJavaAutomationFramework.TestCases.TC_LoginDDT_02" name="loginDDT" time="0.800"/>
  <testcase classname="com.tbmJavaAutomationFramework.TestCases.TC_LoginDDT_02" name="loginDDT" time="0.936"/>
  <testcase classname="com.tbmJavaAutomationFramework.TestCases.TC_LoginDDT_02" name="loginDDT" time="0.836"/>
  <testcase classname="com.tbmJavaAutomationFramework.TestCases.TC_LoginDDT_02" name="loginDDT" time="1.764"/>
</testsuite> <!-- com.tbmJavaAutomationFramework.TestCases.TC_LoginDDT_02 -->
