<?xml version="1.0" encoding="UTF-8"?>
<!-- Generated by org.testng.reporters.JUnitReportReporter -->
<testsuite hostname="TBM-AIO" failures="0" tests="1" name="com.tbmJavaAutomationFramework.TestCases.TC_LoginTest_01" time="1.490" errors="0" timestamp="20 Dec 2021 14:07:49 GMT" skipped="0">
  <testcase classname="com.tbmJavaAutomationFramework.TestCases.TC_LoginTest_01" name="loginTest" time="1.490"/>
</testsuite> <!-- com.tbmJavaAutomationFramework.TestCases.TC_LoginTest_01 -->
