<?xml version="1.0" encoding="UTF-8"?>
<!-- Generated by org.testng.reporters.JUnitReportReporter -->
<testsuite hostname="TBM-AIO" failures="0" tests="2" name="com.tbmJavaAutomationFramework.TestCases.TC_EditCustomerDetails_04" time="45.317" errors="0" timestamp="27 Dec 2021 17:30:52 GMT" skipped="0">
  <testcase classname="com.tbmJavaAutomationFramework.TestCases.TC_EditCustomerDetails_04" name="editCustomer" time="38.348"/>
  <testcase classname="com.tbmJavaAutomationFramework.TestCases.TC_EditCustomerDetails_04" name="validateChangedDetails" time="6.969"/>
</testsuite> <!-- com.tbmJavaAutomationFramework.TestCases.TC_EditCustomerDetails_04 -->
